"../../../Engine/Content/Functions/Engine_MaterialFunctions01/Opacity/CameraDepthFade.uasset" 0
"../../../Engine/Content/EngineMaterials/T_Default_Material_Grid_M.uasset" 1
"../../../Engine/Content/EngineMaterials/T_Default_Material_Grid_N.uasset" 2
"../../../Engine/Content/EngineMaterials/DefaultMaterial.uasset" 3
"../../../Engine/Content/BasicShapes/Cone.uasset" 4
"../../../Engine/Content/EngineMaterials/WorldGridMaterial.uasset" 5
"../../../Engine/Content/BasicShapes/Cube.uasset" 6
"../../../Engine/Content/BasicShapes/Cylinder.uasset" 7
"../../../Engine/Content/BasicShapes/Sphere.uasset" 8
"../../../Engine/Content/EditorLandscapeResources/DataLayer.uasset" 9
"../../../Engine/Content/EditorMaterials/GizmoMaterial.uasset" 10
"../../../Engine/Content/EditorMaterials/MAT_Groups_Toggle.uasset" 11
"../../../Engine/Content/EditorMaterials/MAT_Groups_Visibility.uasset" 12
"../../../Engine/Content/EditorMaterials/PreviewShadowIndicator.uasset" 13
"../../../Engine/Content/EditorMaterials/PreviewShadowIndicatorMaterial.uasset" 14
"../../../Engine/Content/EditorMaterials/AssetViewer/EpicQuadPanorama_CC+EV1.uasset" 15
"../../../Engine/Content/EditorMaterials/MatineeGroups/MAT_ColorTrack.uasset" 16
"../../../Engine/Content/EditorMaterials/MatineeGroups/MAT_Groups_Anim.uasset" 17
"../../../Engine/Content/EditorMaterials/MatineeGroups/MAT_Groups_AudioMaster.uasset" 18
"../../../Engine/Content/EditorMaterials/MatineeGroups/MAT_Groups_Director.uasset" 19
"../../../Engine/Content/EditorMaterials/MatineeGroups/MAT_Groups_Event.uasset" 20
"../../../Engine/Content/EditorMaterials/MatineeGroups/MAT_Groups_Fade.uasset" 21
"../../../Engine/Content/EditorMaterials/MatineeGroups/MAT_Groups_Float.uasset" 22
"../../../Engine/Content/EditorMaterials/MatineeGroups/MAT_Groups_Move.uasset" 23
"../../../Engine/Content/EditorMaterials/MatineeGroups/MAT_Groups_Slomo.uasset" 24
"../../../Engine/Content/EditorMaterials/MatineeGroups/MAT_Groups_Sound.uasset" 25
"../../../Engine/Content/EditorMaterials/MatineeGroups/MAT_Groups_Vector.uasset" 26
"../../../Engine/Content/EditorMaterials/ParticleSystems/PSysThumbnail_NoImage.uasset" 27
"../../../Engine/Content/EditorMaterials/ParticleSystems/PSysThumbnail_OOD.uasset" 28
"../../../Engine/Content/EditorMaterials/Camera/CineMat.uasset" 29
"../../../Engine/Content/EditorMaterials/Camera/MI_CineMat_Rig.uasset" 30
"../../../Engine/Content/EditorMeshes/Camera/SM_CraneRig_Arm.uasset" 31
"../../../Engine/Content/EditorMeshes/Camera/SM_CraneRig_Base.uasset" 32
"../../../Engine/Content/EditorMeshes/Camera/SM_CraneRig_Body.uasset" 33
"../../../Engine/Content/EditorMeshes/Camera/SM_CraneRig_Mount.uasset" 34
"../../../Engine/Content/EditorMeshes/Camera/SM_RailRig_Mount.uasset" 35
"../../../Engine/Content/EditorMeshes/Camera/SM_RailRig_Track.uasset" 36
"../../../Engine/Content/EditorMeshes/ColorCalibrator/M_ChromeBall.uasset" 37
"../../../Engine/Content/EditorMeshes/ColorCalibrator/M_ClearCoat.uasset" 38
"../../../Engine/Content/EditorMeshes/ColorCalibrator/M_ClearCoatBlack.uasset" 39
"../../../Engine/Content/EditorMeshes/ColorCalibrator/T_ColorGrid.uasset" 40
"../../../Engine/Content/EditorMeshes/ColorCalibrator/M_ColorGrid.uasset" 41
"../../../Engine/Content/EditorMeshes/ColorCalibrator/M_GreyBall.uasset" 42
"../../../Engine/Content/EditorMeshes/ColorCalibrator/SM_ColorCalibrator.uasset" 43
"../../../Engine/Content/EditorResources/BSPVertex.uasset" 44
"../../../Engine/Content/EditorResources/EmptyActor.uasset" 45
"../../../Engine/Content/EditorResources/RGBTable16x1_AssetViewer.uasset" 46
"../../../Engine/Content/EditorResources/S_Actor.uasset" 47
"../../../Engine/Content/EditorResources/S_Trigger.uasset" 48
"../../../Engine/Content/EditorResources/LightIcons/S_LightError.uasset" 49
"../../../Engine/Content/EditorResources/SequenceRecorder/Countdown.uasset" 50
"../../../Engine/Content/EditorResources/SequenceRecorder/RecordingIndicator.uasset" 51
"../../../Engine/Content/EditorSounds/Notifications/CompileFailed.uasset" 52
"../../../Engine/Content/EditorSounds/Notifications/CompileFailed_Cue.uasset" 53
"../../../Engine/Content/EditorSounds/Notifications/CompileSuccess.uasset" 54
"../../../Engine/Content/EditorSounds/Notifications/CompileStart_Cue.uasset" 55
"../../../Engine/Content/EditorSounds/Notifications/CompileSuccess_Cue.uasset" 56
"../../../Engine/Content/EngineDamageTypes/DmgTypeBP_Environmental.uasset" 57
"../../../Engine/Content/EngineDebugMaterials/HeatmapGradient.uasset" 58
"../../../Engine/Content/EngineDebugMaterials/BoneWeightMaterial.uasset" 59
"../../../Engine/Content/EngineDebugMaterials/DebugMeshMaterial.uasset" 60
"../../../Engine/Content/EngineDebugMaterials/GeomMaterial.uasset" 61
"../../../Engine/Content/EngineFonts/Roboto.uasset" 62
"../../../Engine/Content/EngineFonts/RobotoTiny.uasset" 63
"../../../Engine/Content/EngineMaterials/DefaultBokeh.uasset" 64
"../../../Engine/Content/EngineMaterials/DefaultDiffuse.uasset" 65
"../../../Engine/Content/EngineMaterials/DefaultDeferredDecalMaterial.uasset" 66
"../../../Engine/Content/EngineMaterials/DefaultLightFunctionMaterial.uasset" 67
"../../../Engine/Content/EngineMaterials/DefaultPhysicalMaterial.uasset" 68
"../../../Engine/Content/Functions/Engine_MaterialFunctions02/Utility/BreakOutFloat2Components.uasset" 69
"../../../Engine/Content/EngineMaterials/DefaultPostProcessMaterial.uasset" 70
"../../../Engine/Content/EngineFonts/RobotoDistanceField.uasset" 71
"../../../Engine/Content/EngineMaterials/DefaultTextMaterialOpaque.uasset" 72
"../../../Engine/Content/EngineMaterials/DefaultWhiteGrid.uasset" 73
"../../../Engine/Content/EngineMaterials/EditorBrushMaterial.uasset" 74
"../../../Engine/Content/EngineMaterials/Good64x64TilingNoiseHighFreq.uasset" 75
"../../../Engine/Content/EngineMaterials/MiniFont.uasset" 76
"../../../Engine/Content/EngineMaterials/InvalidLightmapSettings.uasset" 77
"../../../Engine/Content/EngineMaterials/M_InvalidLightmapSettings.uasset" 78
"../../../Engine/Content/EngineMaterials/PhAT_JointLimitMaterial.uasset" 79
"../../../Engine/Content/EngineMaterials/PreintegratedSkinBRDF.uasset" 80
"../../../Engine/Content/EngineMaterials/RemoveSurfaceMaterial.uasset" 81
"../../../Engine/Content/EngineMaterials/WeightMapPlaceholderTexture.uasset" 82
"../../../Engine/Content/EngineResources/WhiteSquareTexture.uasset" 83
"../../../Engine/Content/EngineMaterials/Widget3DPassThrough.uasset" 84
"../../../Engine/Content/EngineMaterials/Widget3DPassThrough_Masked.uasset" 85
"../../../Engine/Content/EngineMaterials/Widget3DPassThrough_Opaque.uasset" 86
"../../../Engine/Content/EngineMaterials/Widget3DPassThrough_Masked_OneSided.uasset" 87
"../../../Engine/Content/EngineMaterials/Widget3DPassThrough_Opaque_OneSided.uasset" 88
"../../../Engine/Content/EngineMaterials/Widget3DPassThrough_Translucent.uasset" 89
"../../../Engine/Content/EngineMaterials/Widget3DPassThrough_Translucent_OneSided.uasset" 90
"../../../Engine/Content/EngineMeshes/Cylinder.uasset" 91
"../../../Engine/Content/EngineMeshes/Sphere.uasset" 92
"../../../Engine/Content/EngineResources/AICON-Green.uasset" 93
"../../../Engine/Content/EngineResources/AICON-Red.uasset" 94
"../../../Engine/Content/EngineResources/Black.uasset" 95
"../../../Engine/Content/EngineResources/DefaultTexture.uasset" 96
"../../../Engine/Content/EngineResources/DefaultTextureCube.uasset" 97
"../../../Engine/Content/EngineResources/GradientTexture0.uasset" 98
"../../../Engine/Content/EngineSounds/Master.uasset" 99
"../../../Engine/Content/EngineSounds/MasterSubmix.uasset" 100
"../../../Engine/Content/EngineTireTypes/DefaultTireType.uasset" 101
"../../../Engine/Content/Functions/Engine_MaterialFunctions01/Shading/ConvertFromDiffSpec.uasset" 102
"../../../Engine/Content/Functions/Engine_MaterialFunctions01/Shading/PowerToRoughness.uasset" 103
"../../../Engine/Content/Maps/Templates/Thumbnails/Default.uasset" 104
"../../../Engine/Content/Maps/Templates/Thumbnails/VR-Basic.uasset" 105
"../../../Engine/Content/MobileResources/T_MobileControls_texture.uasset" 106
"../../../Engine/Content/MobileResources/T_MobileMenu2.uasset" 107
"../../../Engine/Content/MobileResources/HUD/AnalogHat.uasset" 108
"../../../Engine/Content/MobileResources/HUD/VirtualJoystick_Background.uasset" 109
"../../../Engine/Content/MobileResources/HUD/VirtualJoystick_Thumb.uasset" 110
"../../../Engine/Content/MobileResources/HUD/DefaultVirtualJoysticks.uasset" 111
"../../../Engine/Content/MobileResources/HUD/LeftVirtualJoystickOnly.uasset" 112
"../../../Engine/Content/MobileResources/HUD/MobileHUDButton1_off.uasset" 113
"../../../Engine/Content/MobileResources/HUD/MobileHUDButton1_on.uasset" 114
"../../../Engine/Content/MobileResources/HUD/MobileHUDButton2_off.uasset" 115
"../../../Engine/Content/MobileResources/HUD/MobileHUDButton2_on.uasset" 116
"../../../Engine/Content/MobileResources/HUD/MobileHUDButton3.uasset" 117
"../../../Engine/Content/MobileResources/HUD/MobileHUDButtonFire.uasset" 118
"../../../Engine/Content/MobileResources/HUD/MobileHUDDirectionPad.uasset" 119
"../../../Engine/Content/MobileResources/HUD/MobileHUDDirectionPad2.uasset" 120
"../../../Engine/Content/MobileResources/HUD/MobileHUDDirectionPad3.uasset" 121
"../../../Engine/Content/MobileResources/HUD/MobileHUDDirectionStick.uasset" 122
"../../../Engine/Content/MobileResources/HUD/T_Castle_ThumbstickInner.uasset" 123
"../../../Engine/Content/MobileResources/HUD/T_Castle_ThumbstickOutter.uasset" 124
"../../../Engine/Content/Tutorial/ContentIntroCurve.uasset" 125
"../../../Engine/Content/Tutorial/Basics/ContentBrowserOverview.uasset" 126
"../../../Engine/Content/Tutorial/Basics/FeaturePacks.uasset" 127
"../../../Engine/Content/Tutorial/Basics/LevelEditorAttract.uasset" 128
"../../../Engine/Content/Tutorial/Basics/TutorialAssets/icon_tab_Levels_40x.uasset" 129
"../../../Engine/Content/Tutorial/Basics/LevelEditorOverview.uasset" 130
"../../../Engine/Content/Tutorial/Basics/TutorialAssets/CameraActor_64x.uasset" 131
"../../../Engine/Content/Tutorial/Basics/ViewportsTutorial.uasset" 132
"../../../Engine/Content/Tutorial/BlueprintTutorials/TutorialAssets/Blueprint_64x.uasset" 133
"../../../Engine/Content/Tutorial/BlueprintTutorials/BlueprintEditorTutorial.uasset" 134
"../../../Engine/Content/Tutorial/BlueprintTutorials/TutorialAssets/BlueprintInterface_64x.uasset" 135
"../../../Engine/Content/Tutorial/BlueprintTutorials/BlueprintInterfacesEditorOverview.uasset" 136
"../../../Engine/Content/Tutorial/BlueprintTutorials/TutorialAssets/BlueprintMacroLibrary_64x.uasset" 137
"../../../Engine/Content/Tutorial/BlueprintTutorials/BlueprintMacroLibrariesEditorOverview.uasset" 138
"../../../Engine/Content/Tutorial/BlueprintTutorials/ClassBlueprintsEditorOverview.uasset" 139
"../../../Engine/Content/Tutorial/BlueprintTutorials/LevelBlueprintEditorOverview.uasset" 140
"../../../Engine/Content/Tutorial/Code/AddingCode.uasset" 141
"../../../Engine/Content/Tutorial/Foliage/TutorialAssets/Foliage.uasset" 142
"../../../Engine/Content/Tutorial/Foliage/Foliage_Intro_Tutorial.uasset" 143
"../../../Engine/Content/Tutorial/InWorldBlueprintEditing/IWBE_Tutorial.uasset" 144
"../../../Engine/Content/Tutorial/Mobile/TutorialAssets/IOS.uasset" 145
"../../../Engine/Content/Tutorial/Mobile/InstallingiTunesTutorial.uasset" 146
"../../../Engine/Content/Tutorial/Paper2D/TutorialAssets/Paper2DFlipbook_TutorialIcon.uasset" 147
"../../../Engine/Content/Tutorial/Paper2D/FlipbookEditorTutorial.uasset" 148
"../../../Engine/Content/Tutorial/Paper2D/TutorialAssets/Paper2DSprite_TutorialIcon.uasset" 149
"../../../Engine/Content/Tutorial/Paper2D/SpriteEditorTutorial.uasset" 150
"../../../Engine/Content/Tutorial/SubEditors/DestructibleMeshEditorTutorial.uasset" 151
"../../../Engine/Content/Tutorial/SubEditors/MaterialEditorTutorial.uasset" 152
"../../../Engine/Content/Tutorial/SubEditors/ParticleSystemEditorTutorial.uasset" 153
"../../../Engine/Content/Tutorial/SubEditors/TutorialAssets/icon_ShowSkeletalMeshes_40x.uasset" 154
"../../../Engine/Content/Tutorial/SubEditors/PersonaAnimEditorWalkthrough.uasset" 155
"../../../Engine/Content/Tutorial/SubEditors/StaticMeshEditorTutorial.uasset" 156
"../../../Engine/Content/Tutorial/SubEditors/TutorialAssets/icon_Editor_Preferences_General_40x.uasset" 157
"../../../Engine/Content/VREditor/Devices/Generic/GenericHMDMaterial.uasset" 158
"../../../Engine/Content/VREditor/Devices/Generic/GenericHMD.uasset" 159
"../../../Engine/Content/VREditor/FloatingText/LineMaterial.uasset" 160
"../../../Engine/Content/VREditor/FloatingText/JointSphere.uasset" 161
"../../../Engine/Content/VREditor/FloatingText/LineSegmentCylinder.uasset" 162
"../../../Engine/Content/VREditor/Fonts/VRText_RobotoLarge.uasset" 163
"../../../Engine/Content/VREditor/Fonts/VRTextMaterial.uasset" 164
"../../../Engine/Content/VREditor/Fonts/TranslucentVRTextMaterial.uasset" 165
"../../../Engine/Content/VREditor/LaserPointer/VR_LaserPower_01.uasset" 166
"../../../Engine/Content/VREditor/LaserPointer/LaserPointerMaterial.uasset" 167
"../../../Engine/Content/VREditor/LaserPointer/LaserPointerMaterialInst.uasset" 168
"../../../Engine/Content/VREditor/LaserPointer/TranslucentLaserPointerMaterialInst.uasset" 169
"../../../Engine/Content/VREditor/LaserPointer/LaserPointerMesh.uasset" 170
"../../../Engine/Content/VREditor/Sounds/VR_grab_Cue.uasset" 171
"../../../Engine/Content/VREditor/Sounds/VR_teleport_Cue.uasset" 172
"../../../Engine/Content/VREditor/TransformGizmo/TransformGizmoMaterial.uasset" 173
"../../../Engine/Content/VREditor/TransformGizmo/TranslucentTransformGizmoMaterial.uasset" 174
"../../../Engine/Content/VREditor/TransformGizmo/BoundingBoxCorner.uasset" 175
"../../../Engine/Content/VREditor/TransformGizmo/BoundingBoxEdge.uasset" 176
"../../../Engine/Content/VREditor/TransformGizmo/PlaneTranslationHandle.uasset" 177
"../../../Engine/Content/VREditor/TransformGizmo/RotationHandle.uasset" 178
"../../../Engine/Content/VREditor/TransformGizmo/RotationHandleFull.uasset" 179
"../../../Engine/Content/VREditor/TransformGizmo/StretchingHandle.uasset" 180
"../../../Engine/Content/VREditor/TransformGizmo/TranslateHandleLong.uasset" 181
"../../../Engine/Content/VREditor/TransformGizmo/TranslationHandle.uasset" 182
"../../../Engine/Content/VREditor/TransformGizmo/UniformScaleHandle.uasset" 183
"../../../Engine/Content/VREditor/UI/CloseButtonMesh.uasset" 184
"../../../Engine/Content/VREditor/UI/SelectionBarMesh.uasset" 185
"../../../Engine/Content/Functions/Engine_MaterialFunctions01/Gradient/RadialGradient.uasset" 186
"../../../Engine/Content/VREditor/WorldMovementGrid/SimpleGrid.uasset" 187
"../../../Engine/Content/VREditor/WorldMovementGrid/GridMaterial.uasset" 188
"../../../Engine/Content/Functions/Engine_MaterialFunctions01/Density/ExponentialDensity.uasset" 189
"../../../Engine/Content/VREditor/WorldMovementGrid/GridPostProcess.uasset" 190
"../../../Engine/Content/EditorLandscapeResources/FlattenHeightMat.uasset" 191
"../../../Engine/Content/VREditor/WorldMovementGrid/PlaneMesh.uasset" 192
"../../../MyGame/Content/Geometry/GameObjects/Target/Archery_target_v1_Diffuse.uasset" 193
"../../../MyGame/Content/Geometry/GameObjects/Target/01___Default.uasset" 194
"../../../MyGame/Content/Geometry/GameObjects/Target/Archery_target.uasset" 195
"../../../MyGame/Content/Geometry/Textures/Stylized_Grass_003_basecolor.uasset" 196
"../../../Engine/Content/Functions/Engine_MaterialFunctions01/Texturing/DetailTexturing.uasset" 197
"../../../MyGame/Content/Geometry/Textures/Stylized_Grass_003_height.uasset" 198
"../../../MyGame/Content/Geometry/Textures/Stylized_Grass_003_normal.uasset" 199
"../../../MyGame/Content/Geometry/Textures/Stylized_Grass_003_roughness.uasset" 200
"../../../MyGame/Content/Geometry/Materials/Grass.uasset" 201
"../../../MyGame/Content/Geometry/Materials/Material_Grass.uasset" 202
"../../../MyGame/Content/Geometry/Meshes/Cartoon_Ublend.uasset" 203
"../../../MyGame/Content/Geometry/Textures/Dirt_004_DISP.uasset" 204
"../../../MyGame/Content/Geometry/Textures/Dirt_004_OCC.uasset" 205
"../../../MyGame/Content/Geometry/Textures/Dirt_004_ROUGH.uasset" 206
"../../../MyGame/Content/Geometry/Textures/Metal_Plate_047_ambientOcclusion.uasset" 207
"../../../MyGame/Content/Geometry/Textures/Metal_Plate_047_height.uasset" 208
"../../../MyGame/Content/Geometry/Textures/Pebbles_023_Height.uasset" 209
"../../../MyGame/Content/Mannequin/Character/Mesh/Ch19_nonPBR_Skeleton.uasset" 210
"../../../MyGame/Content/Mannequin/Animations/Samba_Dancing_mixamo_com.uasset" 211
"../../../MyGame/Content/Mannequin/Animations/AnimMain.uasset" 212
"../../../MyGame/Content/Mannequin/Animations/Goalie_Throw.uasset" 213
"../../../MyGame/Content/Mannequin/Animations/Joyful_Jump.uasset" 214
"../../../MyGame/Content/Mannequin/Animations/Rifle_Aiming_Idle_1.uasset" 215
"../../../MyGame/Content/Mannequin/Animations/Strut_Walking.uasset" 216
"../../../MyGame/Content/Mannequin/Animations/Walking.uasset" 217
"../../../MyGame/Content/Mannequin/Animations/Ymca_Dance_mixamo_com.uasset" 218
"../../../MyGame/Content/Sounds/466133__humanoide9000__victory-fanfare_Cue.uasset" 219
"../../../MyGame/Content/ThirdPerson/Meshes/Sphere.uasset" 220
"../../../MyGame/Content/ThirdPerson/Meshes/SphereMaterial.uasset" 221
"../../../MyGame/Content/Mannequin/Character/Textures/Ch19_1001_Diffuse.uasset" 222
"../../../MyGame/Content/Mannequin/Character/Textures/Ch19_1001_Normal.uasset" 223
"../../../MyGame/Content/Mannequin/Character/Textures/Ch19_1001_Specular.uasset" 224
"../../../MyGame/Content/Mannequin/Character/Mesh/Ch19_Body.uasset" 225
"../../../MyGame/Content/Mannequin/Character/Mesh/Ch19_nonPBR_PhysicsAsset.uasset" 226
"../../../MyGame/Content/Mannequin/Character/Mesh/Ch19_nonPBR.uasset" 227
"../../../MyGame/Content/ThirdPersonCPP/Blueprints/BP_MyGameCharacter.uasset" 228
"../../../MyGame/Content/ThirdPersonCPP/Blueprints/BP_MyGameGameMode.uasset" 229
"../../../MyGame/Content/Mannequin/Chrosshair/crosshair.uasset" 230
"../../../MyGame/Content/ThirdPersonCPP/Blueprints/BP_MyHUD.uasset" 231
"../../../MyGame/Content/ThirdPersonCPP/Blueprints/MyMyGameGameMode.uasset" 232
"../../../MyGame/Content/Geometry/GameObjects/Gun/T_ShrinkGun_Decal_M.uasset" 233
"../../../MyGame/Content/Geometry/GameObjects/Gun/T_ShrinkGun_Decal_N.uasset" 234
"../../../MyGame/Content/Geometry/GameObjects/Gun/MI_ShrinkGun_Decal.uasset" 235
"../../../MyGame/Content/Geometry/GameObjects/Gun/MI_ShrinkGun_E.uasset" 236
"../../../MyGame/Content/Geometry/GameObjects/Gun/T_ShrinkGun_1_M.uasset" 237
"../../../MyGame/Content/Geometry/GameObjects/Gun/T_ShrinkGun_N.uasset" 238
"../../../MyGame/Content/Geometry/GameObjects/Gun/MI_W_ShrinkGun.uasset" 239
"../../../MyGame/Content/Geometry/Meshes/MI_SG_W_Glass_Fwd.uasset" 240
"../../../MyGame/Content/Geometry/GameObjects/Gun/shrinkgun_modif_PhysicsAsset.uasset" 241
"../../../MyGame/Content/Geometry/GameObjects/Gun/shrinkgun_modif_Skeleton.uasset" 242
"../../../MyGame/Content/Geometry/GameObjects/Gun/shrinkgun_modif.uasset" 243
"../../../MyGame/Content/Sounds/FireGun_Cue.uasset" 244
"../../../MyGame/Content/ThirdPersonCPP/Blueprints/MyMyGun.uasset" 245
"../../../MyGame/Content/ThirdPersonCPP/Blueprints/WBP_MainMenu.uasset" 246
"../../../MyGame/Content/ThirdPersonCPP/Blueprints/BP_MyTarget.uasset" 247
"../../../MyGame/Content/ThirdPersonCPP/Blueprints/WBP_MyHUD.uasset" 248
"../../../MyGame/Content/ThirdPersonCPP/Blueprints/WBP_PauseMenu.uasset" 249
"../../../MyGame/Content/ThirdPersonCPP/Maps/Level_3_BuiltData.uasset" 250
"../../../MyGame/Content/ThirdPersonCPP/Maps/ThirdPersonExampleMap_BuiltData.uasset" 251
"../../../Engine/Plugins/2D/Paper2D/Content/DummySprite.uasset" 252
"../../../Engine/Plugins/2D/Paper2D/Content/DefaultPaperTerrainMaterial.uasset" 253
"../../../Engine/Plugins/2D/Paper2D/Content/DefaultSpriteMaterial.uasset" 254
"../../../Engine/Plugins/2D/Paper2D/Content/MaskedUnlitSpriteMaterial.uasset" 255
"../../../Engine/Plugins/2D/Paper2D/Content/OpaqueUnlitSpriteMaterial.uasset" 256
"../../../Engine/Plugins/2D/Paper2D/Content/PlaceholderTextures/DummySpriteTexture.uasset" 257
"../../../Engine/Content/EditorBlueprintResources/StandardMacros.uasset" 258
"../../../Engine/Content/EngineSky/C_Sky_Cloud_Color.uasset" 259
"../../../Engine/Content/EngineSky/C_Sky_Horizon_Color.uasset" 260
"../../../Engine/Content/EngineSky/C_Sky_Zenith_Color.uasset" 261
"../../../Engine/Content/EngineSky/T_Sky_Blue.uasset" 262
"../../../Engine/Content/EngineSky/T_Sky_Clouds_M.uasset" 263
"../../../Engine/Content/EngineSky/T_Sky_Stars.uasset" 264
"../../../Engine/Content/EngineSky/M_Sky_Panning_Clouds2.uasset" 265
"../../../Engine/Content/EngineSky/SM_SkySphere.uasset" 266
"../../../Engine/Content/EngineSky/BP_Sky_Sphere.uasset" 267
"../../../Engine/Content/TemplateResources/M_Template_Master.uasset" 268
"../../../Engine/Content/TemplateResources/MI_Template_BaseGray_03_Metal.uasset" 269
"../../../MyGame/Content/Overview.umap" 270
"../../../MyGame/Content/ThirdPersonCPP/Blueprints/BP_MyGun.uasset" 271
"../../../MyGame/Content/ThirdPersonCPP/Maps/Level_1_BuiltData.uasset" 272
"../../../MyGame/Content/Geometry/Textures/Dirt_004_COLOR.uasset" 273
"../../../MyGame/Content/Geometry/Textures/Dirt_004_NORM.uasset" 274
"../../../MyGame/Content/Geometry/Materials/Material_Dirt.uasset" 275
"../../../MyGame/Content/Geometry/Textures/Metal_Plate_047_basecolor.uasset" 276
"../../../MyGame/Content/Geometry/Textures/Metal_Plate_047_metallic.uasset" 277
"../../../MyGame/Content/Geometry/Textures/Metal_Plate_047_normal.uasset" 278
"../../../MyGame/Content/Geometry/Textures/Metal_Plate_047_roughness.uasset" 279
"../../../MyGame/Content/Geometry/Materials/Material_MetalPlates.uasset" 280
"../../../MyGame/Content/Geometry/Textures/Pebbles_023_AmbientOcclusion.uasset" 281
"../../../MyGame/Content/Geometry/Textures/Pebbles_023_BaseColor.uasset" 282
"../../../MyGame/Content/Geometry/Textures/Pebbles_023_Normal.uasset" 283
"../../../MyGame/Content/Geometry/Textures/Pebbles_023_Roughness.uasset" 284
"../../../MyGame/Content/Geometry/Materials/Material_Pebles.uasset" 285
"../../../MyGame/Content/Geometry/Meshes/CubeMaterial.uasset" 286
"../../../MyGame/Content/Geometry/Meshes/1M_Cube.uasset" 287
"../../../MyGame/Content/Geometry/Meshes/1M_Cube_Chamfer.uasset" 288
"../../../MyGame/Content/Geometry/Meshes/TemplateFloor.uasset" 289
"../../../MyGame/Content/Sounds/game_music_Cue.uasset" 290
"../../../MyGame/Content/ThirdPerson/Meshes/RampMaterial.uasset" 291
"../../../MyGame/Content/ThirdPerson/Meshes/Bump_StaticMesh.uasset" 292
"../../../MyGame/Content/ThirdPerson/Meshes/LeftArm_StaticMesh.uasset" 293
"../../../MyGame/Content/ThirdPerson/Meshes/Linear_Stair_StaticMesh.uasset" 294
"../../../MyGame/Content/ThirdPerson/Meshes/Ramp_StaticMesh.uasset" 295
"../../../MyGame/Content/ThirdPerson/Meshes/RightArm_StaticMesh.uasset" 296
"../../../MyGame/Content/ThirdPersonCPP/Maps/Level_1.umap" 297
"../../../MyGame/Content/ThirdPersonCPP/Maps/Level_2_BuiltData.uasset" 298
"../../../MyGame/Content/MainMenu/PermanentMarker-Regular.uasset" 299
"../../../MyGame/Content/Sounds/menu-scroll_Cue.uasset" 300
"../../../MyGame/Content/Sounds/menu2_Cue.uasset" 301
"../../../MyGame/Content/MainMenu/MainMenu.uasset" 302
"../../../MyGame/Content/ThirdPersonCPP/Maps/Level_2.umap" 303
"../../../MyGame/Content/ThirdPersonCPP/Maps/Main_BuiltData.uasset" 304
"../../../MyGame/Content/Sounds/kick_music_cue.uasset" 305
"../../../MyGame/Content/ThirdPersonCPP/Maps/Main.umap" 306
"../../../Engine/Content/Maps/Entry.umap" 307
